<?xml version="1.0" encoding="UTF-8"?>
<testsuite xmlns:xsi="http://www.w3.org/2001/XMLSchema-instance" xsi:noNamespaceSchemaLocation="https://maven.apache.org/surefire/maven-surefire-plugin/xsd/surefire-test-report-3.0.xsd" version="3.0" name="ui.ItemPageTest" time="51.48" tests="4" errors="0" skipped="0" failures="0">
  <properties>
[...]
</properties>
  <testcase name="canCreateItem" classname="ui.ItemPageTest" time="25.47">
    <system-out><![CDATA[Request method:	POST
Request URI:	https://api.inv.bg/v3/login/token
Proxy:			<none>
Request params:	<none>
Query params:	<none>
Form params:	<none>
Path params:	<none>
Headers:		User-Agent=My User Agent
				Accept=application/json, application/javascript, text/javascript, text/json
				Content-Type=application/json
Cookies:		<none>
Multiparts:		<none>
Body:
{
    "email": "mm.milenkova@gmail.com",
    "password": "q2w3e4r5",
    "domain": "marieta-ood"
}
HTTP/1.1 200 OK
date: Sun, 12 Nov 2023 17:50:04 GMT
server: Apache
content-language: bg
accept: application/json
access-control-allow-origin: *
access-control-allow-methods: POST,PATCH,GET,DELETE,POST,OPTIONS,PUT
access-control-allow-headers: 
x-content-type-options: nosniff
x-frame-options: SAMEORIGIN
x-xss-protection: 1; mode=block
transfer-encoding: chunked
content-type: application/json
set-cookie: SERVERNAME=node3|ZVEQT|ZVEQT; path=/; HttpOnly; Secure

{
    "token": "eyJ0eXAiOiJKV1QiLCJhbGciOiJIUzI1NiJ9.eyJmaXJtSUQiOjEwMzg5NSwidXNlcklEIjoxLCJpYXQiOjE2OTk4MTE0MDQsImV4cCI6MTY5OTg5NzgwNCwic2NvcGUiOlsiaHVtYW4iLCJhZG1pbiJdfQ.kwps03AJAX6fVf6FnS5BG9D0ZRHXvCExgwzV_e2oWp0",
    "expires": 1699897804,
    "expires_string": "2023-11-13T19:50:04+02:00"
}
Test: Can create item
Navigating to:https://marieta-ood.inv.bg//
Typing:mm.milenkova@gmail.com
Typing:q2w3e4r5
Clicking Login button
Clicking Items tab from main menu
Text found:Артикули
Clicking Click Create Button
Typing:Test2779
Clicking Save button
Text found:Артикулът е добавен успешно.
Request method:	GET
Request URI:	https://api.inv.bg/v3/items
Proxy:			<none>
Request params:	<none>
Query params:	<none>
Form params:	<none>
Path params:	<none>
Headers:		User-Agent=My User Agent
				Accept=application/json, application/javascript, text/javascript, text/json
				Content-Type=application/json
Cookies:		<none>
Multiparts:		<none>
Body:			<none>
HTTP/1.1 200 OK
date: Sun, 12 Nov 2023 17:50:24 GMT
server: Apache
content-language: bg
access-control-allow-origin: *
access-control-allow-methods: GET,POST,PATCH,GET,DELETE,POST,OPTIONS,PUT
access-control-allow-headers: 
x-content-type-options: nosniff
x-frame-options: SAMEORIGIN
x-xss-protection: 1; mode=block
transfer-encoding: chunked
content-type: application/json
set-cookie: SERVERNAME=node3|ZVEQY|ZVEQY; path=/; HttpOnly; Secure

{
    "total": 1,
    "next_page": null,
    "prev_page": null,
    "items": [
        {
            "id": 29,
            "deleted": false,
            "create_date": "2023-11-12T19:50:23+02:00",
            "name": "Test2779",
            "price": 0,
            "currency": "BGN",
            "price_for_quantity": 1,
            "quantity_unit": "бр.",
            "is_limited": false,
            "catalog_number": null,
            "outside_id": null
        }
    ]
}
Request method:	DELETE
Request URI:	https://api.inv.bg/v3/items/29
Proxy:			<none>
Request params:	<none>
Query params:	<none>
Form params:	<none>
Path params:	<none>
Headers:		User-Agent=My User Agent
				Accept=application/json, application/javascript, text/javascript, text/json
				Content-Type=application/json
Cookies:		<none>
Multiparts:		<none>
Body:			<none>
HTTP/1.1 204 No Content
date: Sun, 12 Nov 2023 17:50:24 GMT
server: Apache
content-language: bg
access-control-allow-origin: *
access-control-allow-methods: PATCH,GET,DELETE,POST,OPTIONS,PUT
access-control-allow-headers: 
x-content-type-options: nosniff
x-frame-options: SAMEORIGIN
x-xss-protection: 1; mode=block
set-cookie: SERVERNAME=node2|ZVEQY|ZVEQY; path=/; HttpOnly; Secure
]]></system-out>
    <system-err><![CDATA[ное 12, 2023 7:50:10 СЛ.ОБ. org.openqa.selenium.devtools.CdpVersionFinder findNearestMatch
WARNING: Unable to find an exact match for CDP version 119, so returning the closest version found: 116
[AsyncHttpClient-1-4] WARN org.asynchttpclient.netty.handler.WebSocketHandler - onError
java.net.SocketException: Connection reset
	at java.base/sun.nio.ch.SocketChannelImpl.throwConnectionReset(SocketChannelImpl.java:394)
	at java.base/sun.nio.ch.SocketChannelImpl.read(SocketChannelImpl.java:426)
	at io.netty.buffer.PooledByteBuf.setBytes(PooledByteBuf.java:254)
	at io.netty.buffer.AbstractByteBuf.writeBytes(AbstractByteBuf.java:1132)
	at io.netty.channel.socket.nio.NioSocketChannel.doReadBytes(NioSocketChannel.java:357)
	at io.netty.channel.nio.AbstractNioByteChannel$NioByteUnsafe.read(AbstractNioByteChannel.java:151)
	at io.netty.channel.nio.NioEventLoop.processSelectedKey(NioEventLoop.java:788)
	at io.netty.channel.nio.NioEventLoop.processSelectedKeysOptimized(NioEventLoop.java:724)
	at io.netty.channel.nio.NioEventLoop.processSelectedKeys(NioEventLoop.java:650)
	at io.netty.channel.nio.NioEventLoop.run(NioEventLoop.java:562)
	at io.netty.util.concurrent.SingleThreadEventExecutor$4.run(SingleThreadEventExecutor.java:997)
	at io.netty.util.internal.ThreadExecutorMap$2.run(ThreadExecutorMap.java:74)
	at io.netty.util.concurrent.FastThreadLocalRunnable.run(FastThreadLocalRunnable.java:30)
	at java.base/java.lang.Thread.run(Thread.java:833)
ное 12, 2023 7:50:25 СЛ.ОБ. org.openqa.selenium.remote.http.WebSocket$Listener onError
WARNING: Connection reset
java.net.SocketException: Connection reset
	at java.base/sun.nio.ch.SocketChannelImpl.throwConnectionReset(SocketChannelImpl.java:394)
	at java.base/sun.nio.ch.SocketChannelImpl.read(SocketChannelImpl.java:426)
	at io.netty.buffer.PooledByteBuf.setBytes(PooledByteBuf.java:254)
	at io.netty.buffer.AbstractByteBuf.writeBytes(AbstractByteBuf.java:1132)
	at io.netty.channel.socket.nio.NioSocketChannel.doReadBytes(NioSocketChannel.java:357)
	at io.netty.channel.nio.AbstractNioByteChannel$NioByteUnsafe.read(AbstractNioByteChannel.java:151)
	at io.netty.channel.nio.NioEventLoop.processSelectedKey(NioEventLoop.java:788)
	at io.netty.channel.nio.NioEventLoop.processSelectedKeysOptimized(NioEventLoop.java:724)
	at io.netty.channel.nio.NioEventLoop.processSelectedKeys(NioEventLoop.java:650)
	at io.netty.channel.nio.NioEventLoop.run(NioEventLoop.java:562)
	at io.netty.util.concurrent.SingleThreadEventExecutor$4.run(SingleThreadEventExecutor.java:997)
	at io.netty.util.internal.ThreadExecutorMap$2.run(ThreadExecutorMap.java:74)
	at io.netty.util.concurrent.FastThreadLocalRunnable.run(FastThreadLocalRunnable.java:30)
	at java.base/java.lang.Thread.run(Thread.java:833)

]]></system-err>
  </testcase>
  <testcase name="correctMessagesIsDisplayedWhenNoItemsExist" classname="ui.ItemPageTest" time="12.209">
    <system-out><![CDATA[Request method:	POST
Request URI:	https://api.inv.bg/v3/login/token
Proxy:			<none>
Request params:	<none>
Query params:	<none>
Form params:	<none>
Path params:	<none>
Headers:		User-Agent=My User Agent
				Accept=application/json, application/javascript, text/javascript, text/json
				Content-Type=application/json
Cookies:		<none>
Multiparts:		<none>
Body:
{
    "email": "mm.milenkova@gmail.com",
    "password": "q2w3e4r5",
    "domain": "marieta-ood"
}
HTTP/1.1 200 OK
date: Sun, 12 Nov 2023 17:50:25 GMT
server: Apache
content-language: bg
accept: application/json
access-control-allow-origin: *
access-control-allow-methods: POST,PATCH,GET,DELETE,POST,OPTIONS,PUT
access-control-allow-headers: 
x-content-type-options: nosniff
x-frame-options: SAMEORIGIN
x-xss-protection: 1; mode=block
transfer-encoding: chunked
content-type: application/json
set-cookie: SERVERNAME=node3|ZVEQZ|ZVEQZ; path=/; HttpOnly; Secure

{
    "token": "eyJ0eXAiOiJKV1QiLCJhbGciOiJIUzI1NiJ9.eyJmaXJtSUQiOjEwMzg5NSwidXNlcklEIjoxLCJpYXQiOjE2OTk4MTE0MjUsImV4cCI6MTY5OTg5NzgyNSwic2NvcGUiOlsiaHVtYW4iLCJhZG1pbiJdfQ.2QYvV8Pk5H5IMBKciK8h7wbWx-4hnKMkjTTWKktQCPY",
    "expires": 1699897825,
    "expires_string": "2023-11-13T19:50:25+02:00"
}
Test: Correct messages is displayed when no items exist
Request method:	GET
Request URI:	https://api.inv.bg/v3/items
Proxy:			<none>
Request params:	<none>
Query params:	<none>
Form params:	<none>
Path params:	<none>
Headers:		User-Agent=My User Agent
				Accept=application/json, application/javascript, text/javascript, text/json
				Content-Type=application/json
Cookies:		<none>
Multiparts:		<none>
Body:			<none>
HTTP/1.1 200 OK
date: Sun, 12 Nov 2023 17:50:31 GMT
server: Apache
content-language: bg
access-control-allow-origin: *
access-control-allow-methods: GET,POST,PATCH,GET,DELETE,POST,OPTIONS,PUT
access-control-allow-headers: 
x-content-type-options: nosniff
x-frame-options: SAMEORIGIN
x-xss-protection: 1; mode=block
transfer-encoding: chunked
content-type: application/json
set-cookie: SERVERNAME=node1|ZVEQa|ZVEQa; path=/; HttpOnly; Secure

{
    "total": 0,
    "next_page": null,
    "prev_page": null,
    "items": [
        
    ]
}
Navigating to:https://marieta-ood.inv.bg//
Typing:mm.milenkova@gmail.com
Typing:q2w3e4r5
Clicking Login button
Clicking Items tab from main menu
Text found:Артикули
Text found:Не са намерени артикули, отговарящи на зададените критерии.
]]></system-out>
    <system-err><![CDATA[ное 12, 2023 7:50:28 СЛ.ОБ. org.openqa.selenium.devtools.CdpVersionFinder findNearestMatch
WARNING: Unable to find an exact match for CDP version 119, so returning the closest version found: 116
]]></system-err>
  </testcase>
  <testcase name="canDeleteExistingItem" classname="ui.ItemPageTest" time="7.31">
    <system-out><![CDATA[Request method:	POST
Request URI:	https://api.inv.bg/v3/login/token
Proxy:			<none>
Request params:	<none>
Query params:	<none>
Form params:	<none>
Path params:	<none>
Headers:		User-Agent=My User Agent
				Accept=application/json, application/javascript, text/javascript, text/json
				Content-Type=application/json
Cookies:		<none>
Multiparts:		<none>
Body:
{
    "email": "mm.milenkova@gmail.com",
    "password": "q2w3e4r5",
    "domain": "marieta-ood"
}
HTTP/1.1 200 OK
date: Sun, 12 Nov 2023 17:50:37 GMT
server: Apache
content-language: bg
accept: application/json
access-control-allow-origin: *
access-control-allow-methods: POST,PATCH,GET,DELETE,POST,OPTIONS,PUT
access-control-allow-headers: 
x-content-type-options: nosniff
x-frame-options: SAMEORIGIN
x-xss-protection: 1; mode=block
transfer-encoding: chunked
content-type: application/json
set-cookie: SERVERNAME=node2|ZVEQc|ZVEQc; path=/; HttpOnly; Secure

{
    "token": "eyJ0eXAiOiJKV1QiLCJhbGciOiJIUzI1NiJ9.eyJmaXJtSUQiOjEwMzg5NSwidXNlcklEIjoxLCJpYXQiOjE2OTk4MTE0MzcsImV4cCI6MTY5OTg5NzgzNywic2NvcGUiOlsiaHVtYW4iLCJhZG1pbiJdfQ.m7AP8HQbPyLM7I79_2xvoKEbVL_IHM3j5dwe_EY7SmY",
    "expires": 1699897837,
    "expires_string": "2023-11-13T19:50:37+02:00"
}
Test: Can delete existing item
]]></system-out>
    <system-err><![CDATA[ное 12, 2023 7:50:40 СЛ.ОБ. org.openqa.selenium.devtools.CdpVersionFinder findNearestMatch
WARNING: Unable to find an exact match for CDP version 119, so returning the closest version found: 116
]]></system-err>
  </testcase>
  <testcase name="canSearchItem" classname="ui.ItemPageTest" time="6.44">
    <system-out><![CDATA[Request method:	POST
Request URI:	https://api.inv.bg/v3/login/token
Proxy:			<none>
Request params:	<none>
Query params:	<none>
Form params:	<none>
Path params:	<none>
Headers:		User-Agent=My User Agent
				Accept=application/json, application/javascript, text/javascript, text/json
				Content-Type=application/json
Cookies:		<none>
Multiparts:		<none>
Body:
{
    "email": "mm.milenkova@gmail.com",
    "password": "q2w3e4r5",
    "domain": "marieta-ood"
}
HTTP/1.1 200 OK
date: Sun, 12 Nov 2023 17:50:45 GMT
server: Apache
content-language: bg
accept: application/json
access-control-allow-origin: *
access-control-allow-methods: POST,PATCH,GET,DELETE,POST,OPTIONS,PUT
access-control-allow-headers: 
x-content-type-options: nosniff
x-frame-options: SAMEORIGIN
x-xss-protection: 1; mode=block
transfer-encoding: chunked
content-type: application/json
set-cookie: SERVERNAME=node1|ZVEQe|ZVEQe; path=/; HttpOnly; Secure

{
    "token": "eyJ0eXAiOiJKV1QiLCJhbGciOiJIUzI1NiJ9.eyJmaXJtSUQiOjEwMzg5NSwidXNlcklEIjoxLCJpYXQiOjE2OTk4MTE0NDUsImV4cCI6MTY5OTg5Nzg0NSwic2NvcGUiOlsiaHVtYW4iLCJhZG1pbiJdfQ.-UZ_YgUbcWG38Fhq7OboluLj_a6l7bat2YhKAEYCRaI",
    "expires": 1699897845,
    "expires_string": "2023-11-13T19:50:45+02:00"
}
Test: Can search item
]]></system-out>
    <system-err><![CDATA[ное 12, 2023 7:50:47 СЛ.ОБ. org.openqa.selenium.devtools.CdpVersionFinder findNearestMatch
WARNING: Unable to find an exact match for CDP version 119, so returning the closest version found: 116
]]></system-err>
  </testcase>
</testsuite>