<?xml version="1.0" encoding="UTF-8"?>
<testsuite xmlns:xsi="http://www.w3.org/2001/XMLSchema-instance" xsi:noNamespaceSchemaLocation="https://maven.apache.org/surefire/maven-surefire-plugin/xsd/surefire-test-report-3.0.xsd" version="3.0" name="api.ItemAPITest" time="4.864" tests="1" errors="0" skipped="0" failures="0">
  <properties>
[...]
</properties>
  <testcase name="canUpdateSingleItem" classname="api.ItemAPITest" time="4.816">
    <system-out><![CDATA[Request method:	POST
Request URI:	https://api.inv.bg/v3/login/token
Proxy:			<none>
Request params:	<none>
Query params:	<none>
Form params:	<none>
Path params:	<none>
Headers:		User-Agent=Good try
				Accept=application/json, application/javascript, text/javascript, text/json
				Content-Type=application/json
Cookies:		<none>
Multiparts:		<none>
Body:
{
    "email": "mm.milenkova@gmail.com",
    "password": "q2w3e4r5",
    "domain": "marieta-ood"
}
HTTP/1.1 200 OK
date: Wed, 02 Aug 2023 17:37:19 GMT
server: Apache
content-language: bg
accept: application/json
access-control-allow-origin: *
access-control-allow-methods: POST,GET,DELETE,PATCH,POST,OPTIONS,PUT
access-control-allow-headers: 
x-content-type-options: nosniff
x-frame-options: SAMEORIGIN
x-xss-protection: 1; mode=block
transfer-encoding: chunked
content-type: application/json
set-cookie: SERVERNAME=node3|ZMqUU|ZMqUU; path=/; HttpOnly; Secure

{
    "token": "eyJ0eXAiOiJKV1QiLCJhbGciOiJIUzI1NiJ9.eyJmaXJtSUQiOjEwMzg5NSwidXNlcklEIjoxLCJpYXQiOjE2OTA5OTc4NDAsImV4cCI6MTY5MTA4NDI0MCwic2NvcGUiOlsiaHVtYW4iLCJhZG1pbiJdfQ.goSEbCw8opPze0dRgvdIm5Z7Cx-v_uHRz3QViixm4-Y",
    "expires": 1691084240,
    "expires_string": "2023-08-03T20:37:20+03:00"
}
Request method:	POST
Request URI:	https://api.inv.bg/v3/items
Proxy:			<none>
Request params:	<none>
Query params:	<none>
Form params:	<none>
Path params:	<none>
Headers:		User-Agent=Good try
				Accept=application/json, application/javascript, text/javascript, text/json
				Content-Type=application/json
Cookies:		<none>
Multiparts:		<none>
Body:
{
    "name": "Coffee_Update2023-08-02T20:37:20.728494700",
    "price": 10.5,
    "quantity_unit": "kg.",
    "price_for_quantity": 1
}
HTTP/1.1 201 Created
date: Wed, 02 Aug 2023 17:37:21 GMT
server: Apache
content-language: bg
accept: application/json
access-control-allow-origin: *
access-control-allow-methods: GET,POST,GET,DELETE,PATCH,POST,OPTIONS,PUT
access-control-allow-headers: 
x-content-type-options: nosniff
x-frame-options: SAMEORIGIN
x-xss-protection: 1; mode=block
transfer-encoding: chunked
content-type: application/json
set-cookie: SERVERNAME=node2|ZMqUV|ZMqUV; path=/; HttpOnly; Secure

{
    "id": 13
}
Request method:	GET
Request URI:	https://api.inv.bg/v3/items/13
Proxy:			<none>
Request params:	<none>
Query params:	<none>
Form params:	<none>
Path params:	<none>
Headers:		User-Agent=Good try
				Accept=application/json, application/javascript, text/javascript, text/json
				Content-Type=application/json
Cookies:		<none>
Multiparts:		<none>
Body:			<none>
HTTP/1.1 200 OK
date: Wed, 02 Aug 2023 17:37:21 GMT
server: Apache
content-language: bg
access-control-allow-origin: *
access-control-allow-methods: GET,DELETE,PATCH,POST,OPTIONS,PUT
access-control-allow-headers: 
x-content-type-options: nosniff
x-frame-options: SAMEORIGIN
x-xss-protection: 1; mode=block
transfer-encoding: chunked
content-type: application/json
set-cookie: SERVERNAME=node1|ZMqUV|ZMqUV; path=/; HttpOnly; Secure

{
    "id": 13,
    "deleted": false,
    "create_date": "2023-08-02T20:37:21+03:00",
    "name": "Coffee_Update2023-08-02T20:37:20.728494700",
    "price": 10.5,
    "currency": "BGN",
    "price_for_quantity": 1,
    "quantity_unit": "kg.",
    "is_limited": false,
    "catalog_number": null,
    "outside_id": null
}
]]></system-out>
  </testcase>
</testsuite>